298958
182316
362576
305991
182300
362606
367919
367935
298948
351653
351651
314438
351656
182205
325830
100390
272568
182292
298962
351620
272579
281846
367931
314384
182299
298917
351628
298960
298911
367943
340688
306019
272580
367948
115241
182303
338022
362578
318481
351641
367941
182200
340693
306016
283219
318459
182328
340700
367926
362574
351633
100410
351657
367934
351652
115207
272574
281607
348275
100288
365779
314378
351631
318474
314437
182304
362575
365791
351655
351645
351621
365800
367949
362573
314390
314439
351654
365781
351629
344709
367944
362577
182269
182286
365782
351619
115260
351644
362587
100292
308748

